<?xml version="1.0" encoding="UTF-8"?>
<!-- Generated by org.testng.reporters.JUnitXMLReporter -->
<testsuite ignored="6" hostname="DESKTOP-R4OAK6D" failures="0" tests="7" name="chromeTest" time="128.706" errors="0" timestamp="2024-03-18T12:28:41 IST">
  <testcase classname="test.TC002_Logintest" name="login" time="14.315"/>
  <testcase classname="test.TC002_Logintest" name="login" time="3.339"/>
  <testcase classname="test.TC002_Logintest" name="login" time="3.158"/>
  <testcase classname="test.TC002_Logintest" name="login" time="3.17"/>
  <testcase classname="test.TC003a_Onewaytest" name="one_way" time="21.537"/>
  <testcase classname="test.TC003b_Roundtriptest" name="round_Trip" time="25.187"/>
  <testcase classname="test.TC009_Bookingpagetest" name="checkin_Display" time="0.378"/>
  <testcase classname="base.ProjectSpecification" name="@BeforeSuite getreport" time="0.0">
    <ignored/>
  </testcase> <!-- @BeforeSuite getreport -->
  <testcase classname="base.ProjectSpecification" name="@BeforeSuite getreport" time="0.0">
    <ignored/>
  </testcase> <!-- @BeforeSuite getreport -->
  <testcase classname="base.ProjectSpecification" name="@BeforeSuite getreport" time="0.0">
    <ignored/>
  </testcase> <!-- @BeforeSuite getreport -->
  <testcase classname="base.ProjectSpecification" name="@AfterSuite closereport" time="0.0">
    <ignored/>
  </testcase> <!-- @AfterSuite closereport -->
  <testcase classname="base.ProjectSpecification" name="@AfterSuite closereport" time="0.0">
    <ignored/>
  </testcase> <!-- @AfterSuite closereport -->
  <testcase classname="base.ProjectSpecification" name="@AfterSuite closereport" time="0.0">
    <ignored/>
  </testcase> <!-- @AfterSuite closereport -->
</testsuite> <!-- chromeTest -->
