<?xml version="1.0" encoding="UTF-8"?>
<!-- Generated by org.testng.reporters.JUnitXMLReporter -->
<testsuite ignored="4" hostname="DESKTOP-R4OAK6D" failures="0" tests="3" name="chromeTest" time="67.505" errors="0" timestamp="2024-03-18T11:38:11 IST">
  <testcase classname="test.TC003a_Onewaytest" name="one_way" time="24.688"/>
  <testcase classname="test.TC003b_Roundtriptest" name="round_Trip" time="4.61"/>
  <testcase classname="test.TC009_Bookingpagetest" name="checkin_Display" time="0.263"/>
  <testcase classname="base.ProjectSpecification" name="@AfterSuite closereport" time="0.0">
    <ignored/>
  </testcase> <!-- @AfterSuite closereport -->
  <testcase classname="base.ProjectSpecification" name="@BeforeSuite getreport" time="0.0">
    <ignored/>
  </testcase> <!-- @BeforeSuite getreport -->
  <testcase classname="base.ProjectSpecification" name="@AfterSuite closereport" time="0.0">
    <ignored/>
  </testcase> <!-- @AfterSuite closereport -->
  <testcase classname="base.ProjectSpecification" name="@BeforeSuite getreport" time="0.0">
    <ignored/>
  </testcase> <!-- @BeforeSuite getreport -->
</testsuite> <!-- chromeTest -->
