<?xml version="1.0" encoding="UTF-8"?>
<testng-results ignored="6" total="13" passed="7" failed="0" skipped="0">
  <reporter-output>
  </reporter-output>
  <suite started-at="2024-03-18T12:26:32 IST" name="Suite" finished-at="2024-03-18T12:28:41 IST" duration-ms="128706">
    <groups>
    </groups>
    <test started-at="2024-03-18T12:26:32 IST" name="chromeTest" finished-at="2024-03-18T12:28:41 IST" duration-ms="128706">
      <class name="test.TC002_Logintest">
        <test-method is-config="true" signature="getreport()[pri:0, instance:test.TC002_Logintest@7a6d7e92]" started-at="2024-03-18T12:26:32 IST" name="getreport" finished-at="2024-03-18T12:26:32 IST" duration-ms="11" status="PASS">
          <reporter-output>
          </reporter-output>
        </test-method> <!-- getreport -->
        <test-method is-config="true" signature="excelfile()[pri:0, instance:test.TC002_Logintest@7a6d7e92]" started-at="2024-03-18T12:26:32 IST" name="excelfile" finished-at="2024-03-18T12:26:32 IST" duration-ms="1" status="PASS">
          <reporter-output>
          </reporter-output>
        </test-method> <!-- excelfile -->
        <test-method is-config="true" signature="launchBrowser(java.lang.String,java.lang.String)[pri:0, instance:test.TC002_Logintest@7a6d7e92]" started-at="2024-03-18T12:26:33 IST" name="launchBrowser" finished-at="2024-03-18T12:26:42 IST" duration-ms="8986" status="PASS">
          <params>
            <param index="0">
              <value>
                <![CDATA[chrome]]>
              </value>
            </param>
            <param index="1">
              <value>
                <![CDATA[https://www.spicejet.com]]>
              </value>
            </param>
          </params>
          <reporter-output>
          </reporter-output>
        </test-method> <!-- launchBrowser -->
        <test-method signature="login(java.lang.String,java.lang.String,java.lang.String)[pri:0, instance:test.TC002_Logintest@7a6d7e92]" started-at="2024-03-18T12:26:42 IST" name="login" data-provider="exceldata" finished-at="2024-03-18T12:26:57 IST" duration-ms="14315" status="PASS">
          <params>
            <param index="0">
              <value>
                <![CDATA[mohana1@gmail.com]]>
              </value>
            </param>
            <param index="1">
              <value>
                <![CDATA[Mona@123]]>
              </value>
            </param>
            <param index="2">
              <value>
                <![CDATA[correct]]>
              </value>
            </param>
          </params>
          <reporter-output>
          </reporter-output>
        </test-method> <!-- login -->
        <test-method is-config="true" signature="browserClose()[pri:0, instance:test.TC002_Logintest@7a6d7e92]" started-at="2024-03-18T12:26:57 IST" name="browserClose" finished-at="2024-03-18T12:26:57 IST" duration-ms="297" status="PASS">
          <reporter-output>
          </reporter-output>
        </test-method> <!-- browserClose -->
        <test-method is-config="true" signature="launchBrowser(java.lang.String,java.lang.String)[pri:0, instance:test.TC002_Logintest@7a6d7e92]" started-at="2024-03-18T12:26:57 IST" name="launchBrowser" finished-at="2024-03-18T12:27:03 IST" duration-ms="6472" status="PASS">
          <params>
            <param index="0">
              <value>
                <![CDATA[chrome]]>
              </value>
            </param>
            <param index="1">
              <value>
                <![CDATA[https://www.spicejet.com]]>
              </value>
            </param>
          </params>
          <reporter-output>
          </reporter-output>
        </test-method> <!-- launchBrowser -->
        <test-method signature="login(java.lang.String,java.lang.String,java.lang.String)[pri:0, instance:test.TC002_Logintest@7a6d7e92]" started-at="2024-03-18T12:27:03 IST" name="login" data-provider="exceldata" finished-at="2024-03-18T12:27:07 IST" duration-ms="3339" status="PASS">
          <params>
            <param index="0">
              <value>
                <![CDATA[moha.com]]>
              </value>
            </param>
            <param index="1">
              <value>
                <![CDATA[Mona@123]]>
              </value>
            </param>
            <param index="2">
              <value>
                <![CDATA[emailwrong]]>
              </value>
            </param>
          </params>
          <reporter-output>
          </reporter-output>
        </test-method> <!-- login -->
        <test-method is-config="true" signature="browserClose()[pri:0, instance:test.TC002_Logintest@7a6d7e92]" started-at="2024-03-18T12:27:07 IST" name="browserClose" finished-at="2024-03-18T12:27:07 IST" duration-ms="267" status="PASS">
          <reporter-output>
          </reporter-output>
        </test-method> <!-- browserClose -->
        <test-method is-config="true" signature="launchBrowser(java.lang.String,java.lang.String)[pri:0, instance:test.TC002_Logintest@7a6d7e92]" started-at="2024-03-18T12:27:07 IST" name="launchBrowser" finished-at="2024-03-18T12:27:14 IST" duration-ms="6674" status="PASS">
          <params>
            <param index="0">
              <value>
                <![CDATA[chrome]]>
              </value>
            </param>
            <param index="1">
              <value>
                <![CDATA[https://www.spicejet.com]]>
              </value>
            </param>
          </params>
          <reporter-output>
          </reporter-output>
        </test-method> <!-- launchBrowser -->
        <test-method signature="login(java.lang.String,java.lang.String,java.lang.String)[pri:0, instance:test.TC002_Logintest@7a6d7e92]" started-at="2024-03-18T12:27:14 IST" name="login" data-provider="exceldata" finished-at="2024-03-18T12:27:17 IST" duration-ms="3158" status="PASS">
          <params>
            <param index="0">
              <value>
                <![CDATA[mohana1@gmail.com]]>
              </value>
            </param>
            <param index="1">
              <value>
                <![CDATA[Mona]]>
              </value>
            </param>
            <param index="2">
              <value>
                <![CDATA[passwordwrong]]>
              </value>
            </param>
          </params>
          <reporter-output>
          </reporter-output>
        </test-method> <!-- login -->
        <test-method is-config="true" signature="browserClose()[pri:0, instance:test.TC002_Logintest@7a6d7e92]" started-at="2024-03-18T12:27:17 IST" name="browserClose" finished-at="2024-03-18T12:27:17 IST" duration-ms="290" status="PASS">
          <reporter-output>
          </reporter-output>
        </test-method> <!-- browserClose -->
        <test-method is-config="true" signature="launchBrowser(java.lang.String,java.lang.String)[pri:0, instance:test.TC002_Logintest@7a6d7e92]" started-at="2024-03-18T12:27:17 IST" name="launchBrowser" finished-at="2024-03-18T12:27:25 IST" duration-ms="7690" status="PASS">
          <params>
            <param index="0">
              <value>
                <![CDATA[chrome]]>
              </value>
            </param>
            <param index="1">
              <value>
                <![CDATA[https://www.spicejet.com]]>
              </value>
            </param>
          </params>
          <reporter-output>
          </reporter-output>
        </test-method> <!-- launchBrowser -->
        <test-method signature="login(java.lang.String,java.lang.String,java.lang.String)[pri:0, instance:test.TC002_Logintest@7a6d7e92]" started-at="2024-03-18T12:27:25 IST" name="login" data-provider="exceldata" finished-at="2024-03-18T12:27:28 IST" duration-ms="3170" status="PASS">
          <params>
            <param index="0">
              <value>
                <![CDATA[mohana.com]]>
              </value>
            </param>
            <param index="1">
              <value>
                <![CDATA[Mona]]>
              </value>
            </param>
            <param index="2">
              <value>
                <![CDATA[bothwrong]]>
              </value>
            </param>
          </params>
          <reporter-output>
          </reporter-output>
        </test-method> <!-- login -->
        <test-method is-config="true" signature="browserClose()[pri:0, instance:test.TC002_Logintest@7a6d7e92]" started-at="2024-03-18T12:27:28 IST" name="browserClose" finished-at="2024-03-18T12:27:28 IST" duration-ms="275" status="PASS">
          <reporter-output>
          </reporter-output>
        </test-method> <!-- browserClose -->
        <test-method is-config="true" signature="closereport()[pri:0, instance:test.TC002_Logintest@7a6d7e92]" started-at="2024-03-18T12:28:41 IST" name="closereport" finished-at="2024-03-18T12:28:41 IST" duration-ms="0" status="FAIL">
          <exception class="java.lang.NullPointerException">
            <message>
              <![CDATA[Cannot invoke "com.aventstack.extentreports.ExtentReports.flush()" because "this.extent" is null]]>
            </message>
            <full-stacktrace>
              <![CDATA[java.lang.NullPointerException: Cannot invoke "com.aventstack.extentreports.ExtentReports.flush()" because "this.extent" is null
at base.ProjectSpecification.closereport(ProjectSpecification.java:71)
at java.base/jdk.internal.reflect.NativeMethodAccessorImpl.invoke0(Native Method)
at java.base/jdk.internal.reflect.NativeMethodAccessorImpl.invoke(NativeMethodAccessorImpl.java:77)
at java.base/jdk.internal.reflect.DelegatingMethodAccessorImpl.invoke(DelegatingMethodAccessorImpl.java:43)
at java.base/java.lang.reflect.Method.invoke(Method.java:568)
at org.testng.internal.MethodInvocationHelper.invokeMethod(MethodInvocationHelper.java:133)
at org.testng.internal.MethodInvocationHelper.invokeMethodConsideringTimeout(MethodInvocationHelper.java:62)
at org.testng.internal.ConfigInvoker.invokeConfigurationMethod(ConfigInvoker.java:385)
at org.testng.internal.ConfigInvoker.invokeConfigurations(ConfigInvoker.java:321)
at org.testng.SuiteRunner.privateRun(SuiteRunner.java:344)
at org.testng.SuiteRunner.run(SuiteRunner.java:276)
at org.testng.SuiteRunnerWorker.runSuite(SuiteRunnerWorker.java:53)
at org.testng.SuiteRunnerWorker.run(SuiteRunnerWorker.java:96)
at org.testng.TestNG.runSuitesSequentially(TestNG.java:1212)
at org.testng.TestNG.runSuitesLocally(TestNG.java:1134)
at org.testng.TestNG.runSuites(TestNG.java:1063)
at org.testng.TestNG.run(TestNG.java:1031)
at org.testng.remote.AbstractRemoteTestNG.run(AbstractRemoteTestNG.java:115)
at org.testng.remote.RemoteTestNG.initAndRun(RemoteTestNG.java:251)
at org.testng.remote.RemoteTestNG.main(RemoteTestNG.java:77)
]]>
            </full-stacktrace>
          </exception> <!-- java.lang.NullPointerException -->
          <reporter-output>
          </reporter-output>
        </test-method> <!-- closereport -->
      </class> <!-- test.TC002_Logintest -->
      <class name="test.TC009_Bookingpagetest">
        <test-method is-config="true" signature="launchBrowser(java.lang.String,java.lang.String)[pri:0, instance:test.TC009_Bookingpagetest@34bde49d]" started-at="2024-03-18T12:28:33 IST" name="launchBrowser" finished-at="2024-03-18T12:28:40 IST" duration-ms="7491" status="PASS">
          <params>
            <param index="0">
              <value>
                <![CDATA[chrome]]>
              </value>
            </param>
            <param index="1">
              <value>
                <![CDATA[https://www.spicejet.com]]>
              </value>
            </param>
          </params>
          <reporter-output>
          </reporter-output>
        </test-method> <!-- launchBrowser -->
        <test-method signature="checkin_Display()[pri:0, instance:test.TC009_Bookingpagetest@34bde49d]" started-at="2024-03-18T12:28:40 IST" name="checkin_Display" finished-at="2024-03-18T12:28:41 IST" duration-ms="378" status="PASS">
          <reporter-output>
          </reporter-output>
        </test-method> <!-- checkin_Display -->
        <test-method is-config="true" signature="browserClose()[pri:0, instance:test.TC009_Bookingpagetest@34bde49d]" started-at="2024-03-18T12:28:41 IST" name="browserClose" finished-at="2024-03-18T12:28:41 IST" duration-ms="255" status="PASS">
          <reporter-output>
          </reporter-output>
        </test-method> <!-- browserClose -->
      </class> <!-- test.TC009_Bookingpagetest -->
      <class name="test.TC003b_Roundtriptest">
        <test-method is-config="true" signature="launchBrowser(java.lang.String,java.lang.String)[pri:0, instance:test.TC003b_Roundtriptest@23f5b5dc]" started-at="2024-03-18T12:27:58 IST" name="launchBrowser" finished-at="2024-03-18T12:28:07 IST" duration-ms="8999" status="PASS">
          <params>
            <param index="0">
              <value>
                <![CDATA[chrome]]>
              </value>
            </param>
            <param index="1">
              <value>
                <![CDATA[https://www.spicejet.com]]>
              </value>
            </param>
          </params>
          <reporter-output>
          </reporter-output>
        </test-method> <!-- launchBrowser -->
        <test-method signature="round_Trip()[pri:0, instance:test.TC003b_Roundtriptest@23f5b5dc]" started-at="2024-03-18T12:28:07 IST" name="round_Trip" finished-at="2024-03-18T12:28:33 IST" duration-ms="25187" status="PASS">
          <reporter-output>
          </reporter-output>
        </test-method> <!-- round_Trip -->
        <test-method is-config="true" signature="browserClose()[pri:0, instance:test.TC003b_Roundtriptest@23f5b5dc]" started-at="2024-03-18T12:28:33 IST" name="browserClose" finished-at="2024-03-18T12:28:33 IST" duration-ms="318" status="PASS">
          <reporter-output>
          </reporter-output>
        </test-method> <!-- browserClose -->
      </class> <!-- test.TC003b_Roundtriptest -->
      <class name="test.TC003a_Onewaytest">
        <test-method is-config="true" signature="launchBrowser(java.lang.String,java.lang.String)[pri:0, instance:test.TC003a_Onewaytest@782859e]" started-at="2024-03-18T12:27:28 IST" name="launchBrowser" finished-at="2024-03-18T12:27:37 IST" duration-ms="8261" status="PASS">
          <params>
            <param index="0">
              <value>
                <![CDATA[chrome]]>
              </value>
            </param>
            <param index="1">
              <value>
                <![CDATA[https://www.spicejet.com]]>
              </value>
            </param>
          </params>
          <reporter-output>
          </reporter-output>
        </test-method> <!-- launchBrowser -->
        <test-method signature="one_way()[pri:0, instance:test.TC003a_Onewaytest@782859e]" started-at="2024-03-18T12:27:37 IST" name="one_way" finished-at="2024-03-18T12:27:58 IST" duration-ms="21537" status="PASS">
          <reporter-output>
          </reporter-output>
        </test-method> <!-- one_way -->
        <test-method is-config="true" signature="browserClose()[pri:0, instance:test.TC003a_Onewaytest@782859e]" started-at="2024-03-18T12:27:58 IST" name="browserClose" finished-at="2024-03-18T12:27:58 IST" duration-ms="309" status="PASS">
          <reporter-output>
          </reporter-output>
        </test-method> <!-- browserClose -->
      </class> <!-- test.TC003a_Onewaytest -->
    </test> <!-- chromeTest -->
  </suite> <!-- Suite -->
</testng-results>
